[0220/135236.463:ERROR:exception_handler_server.cc(524)] ConnectNamedPipe: The pipe is being closed. (0xE8)
[0220/141539.820:ERROR:exception_handler_server.cc(524)] ConnectNamedPipe: The pipe is being closed. (0xE8)
[0220/144805.113:ERROR:exception_handler_server.cc(524)] ConnectNamedPipe: The pipe is being closed. (0xE8)
[0221/143516.651:ERROR:process_info.cc(330)] VirtualQueryEx: Access is denied. (0x5)
[0221/143516.653:ERROR:process_info.cc(547)] ReadMemoryInfo failed
[0221/143516.653:ERROR:process_reader_win.cc(233)] ReadMemory at 0x7ff9dde64968 of 12 bytes failed: Only part of a ReadProcessMemory or WriteProcessMemory request was completed. (0x12B)
[0221/143516.654:WARNING:process_snapshot_win.cc(68)] ReadMemory ExceptionInformation failed
[0221/143516.654:WARNING:crash_report_exception_handler.cc(60)] ProcessSnapshotWin::Initialize failed
[0221/143516.654:ERROR:scoped_process_suspend.cc(38)] NtResumeProcess: An attempt was made to access an exiting process.  (0xc000010a)
[0221/163522.820:ERROR:exception_handler_server.cc(524)] ConnectNamedPipe: The pipe is being closed. (0xE8)
[0222/110950.351:ERROR:exception_handler_server.cc(524)] ConnectNamedPipe: The pipe is being closed. (0xE8)
[0222/112013.882:ERROR:exception_handler_server.cc(524)] ConnectNamedPipe: The pipe is being closed. (0xE8)
[0222/120412.064:ERROR:exception_handler_server.cc(524)] ConnectNamedPipe: The pipe is being closed. (0xE8)
[0223/100308.166:ERROR:exception_handler_server.cc(524)] ConnectNamedPipe: The pipe is being closed. (0xE8)
[0223/112224.734:ERROR:exception_handler_server.cc(524)] ConnectNamedPipe: The pipe is being closed. (0xE8)
[0223/121355.567:ERROR:exception_handler_server.cc(524)] ConnectNamedPipe: The pipe is being closed. (0xE8)
[0223/141035.013:ERROR:exception_handler_server.cc(524)] ConnectNamedPipe: The pipe is being closed. (0xE8)
[0223/142950.153:ERROR:exception_handler_server.cc(524)] ConnectNamedPipe: The pipe is being closed. (0xE8)
[0223/180834.416:ERROR:exception_handler_server.cc(524)] ConnectNamedPipe: The pipe is being closed. (0xE8)
[0223/181020.029:ERROR:exception_handler_server.cc(524)] ConnectNamedPipe: The pipe is being closed. (0xE8)
[0224/102046.863:ERROR:exception_handler_server.cc(524)] ConnectNamedPipe: The pipe is being closed. (0xE8)
[0224/103737.359:ERROR:exception_handler_server.cc(524)] ConnectNamedPipe: The pipe is being closed. (0xE8)
[0224/111311.469:ERROR:exception_handler_server.cc(524)] ConnectNamedPipe: The pipe is being closed. (0xE8)
[0224/120723.503:ERROR:exception_handler_server.cc(524)] ConnectNamedPipe: The pipe is being closed. (0xE8)
[0227/151921.872:ERROR:exception_handler_server.cc(524)] ConnectNamedPipe: The pipe is being closed. (0xE8)
[0227/154435.929:ERROR:exception_handler_server.cc(524)] ConnectNamedPipe: The pipe is being closed. (0xE8)
[0228/133240.073:ERROR:exception_handler_server.cc(524)] ConnectNamedPipe: The pipe is being closed. (0xE8)
[0228/145145.222:ERROR:exception_handler_server.cc(524)] ConnectNamedPipe: The pipe is being closed. (0xE8)
[0228/160245.046:ERROR:exception_handler_server.cc(524)] ConnectNamedPipe: The pipe is being closed. (0xE8)
[0228/161553.534:ERROR:exception_handler_server.cc(524)] ConnectNamedPipe: The pipe is being closed. (0xE8)
[0228/161736.606:ERROR:exception_handler_server.cc(524)] ConnectNamedPipe: The pipe is being closed. (0xE8)
[0228/164034.928:ERROR:exception_handler_server.cc(524)] ConnectNamedPipe: The pipe is being closed. (0xE8)
[0306/080141.054:ERROR:exception_handler_server.cc(524)] ConnectNamedPipe: The pipe is being closed. (0xE8)
[0306/080632.802:ERROR:exception_handler_server.cc(524)] ConnectNamedPipe: The pipe is being closed. (0xE8)
[0306/081700.715:ERROR:exception_handler_server.cc(524)] ConnectNamedPipe: The pipe is being closed. (0xE8)
[0306/120343.479:ERROR:exception_handler_server.cc(524)] ConnectNamedPipe: The pipe is being closed. (0xE8)
[0306/120428.745:ERROR:exception_handler_server.cc(524)] ConnectNamedPipe: The pipe is being closed. (0xE8)
[0306/120618.181:ERROR:exception_handler_server.cc(524)] ConnectNamedPipe: The pipe is being closed. (0xE8)
[0306/121935.102:ERROR:exception_handler_server.cc(524)] ConnectNamedPipe: The pipe is being closed. (0xE8)
[0307/151814.880:ERROR:exception_handler_server.cc(524)] ConnectNamedPipe: The pipe is being closed. (0xE8)
[0307/171444.879:ERROR:exception_handler_server.cc(524)] ConnectNamedPipe: The pipe is being closed. (0xE8)
[0307/193842.668:ERROR:exception_handler_server.cc(524)] ConnectNamedPipe: The pipe is being closed. (0xE8)
[0307/201710.170:ERROR:exception_handler_server.cc(524)] ConnectNamedPipe: The pipe is being closed. (0xE8)
[0308/112558.861:ERROR:exception_handler_server.cc(524)] ConnectNamedPipe: The pipe is being closed. (0xE8)
[0308/112723.971:ERROR:exception_handler_server.cc(524)] ConnectNamedPipe: The pipe is being closed. (0xE8)
